2022-10-25 10:31:45 [1;31mERROR[0;39m [36mplay.api.http.DevHttpErrorHandler[0;39m [35m[0;39m 

! @7pd7e75eo - Internal server error, for (GET) [/] ->
 
play.api.UnexpectedException: Unexpected exception[CreationException: Unable to create injector, see the following errors:

1) [Guice/ErrorInjectingConstructor]: ConfigException$Missing: application.conf @ file:/home/laura/Documents/FullStackAcademy/code-breakers/target/scala-2.12/classes/application.conf: 9: No configuration setting found for key 'mongodb.uri'
  at PlayMongoComponent.<init>(PlayMongoComponent.scala:32)
  at PlayMongoComponent.class(PlayMongoComponent.scala:29)
  while locating PlayMongoComponent
  at PlayMongoModule.configure(PlayMongoComponent.scala:56)
      \_ installed by: Modules$OverrideModule -> PlayMongoModule
  while locating MongoComponent

Learn more:
  https://github.com/google/guice/wiki/ERROR_INJECTING_CONSTRUCTOR

1 error

======================
Full classname legend:
======================
ConfigException$Missing: "com.typesafe.config.ConfigException$Missing"
Modules$OverrideModule:  "com.google.inject.util.Modules$OverrideModule"
MongoComponent:          "uk.gov.hmrc.mongo.MongoComponent"
PlayMongoComponent:      "uk.gov.hmrc.mongo.play.PlayMongoComponent"
PlayMongoModule:         "uk.gov.hmrc.mongo.play.PlayMongoModule"
========================
End of classname legend:
========================
]
	at play.core.server.DevServerStart$$anon$1.reload(DevServerStart.scala:254)
	at play.core.server.DevServerStart$$anon$1.get(DevServerStart.scala:148)
	at play.core.server.AkkaHttpServer.handleRequest(AkkaHttpServer.scala:308)
	at play.core.server.AkkaHttpServer.$anonfun$createServerBinding$1(AkkaHttpServer.scala:225)
	at akka.stream.impl.fusing.MapAsync$$anon$30.onPush(Ops.scala:1309)
	at akka.stream.impl.fusing.GraphInterpreter.processPush(GraphInterpreter.scala:542)
	at akka.stream.impl.fusing.GraphInterpreter.processEvent(GraphInterpreter.scala:496)
	at akka.stream.impl.fusing.GraphInterpreter.execute(GraphInterpreter.scala:390)
	at akka.stream.impl.fusing.GraphInterpreterShell.runBatch(ActorGraphInterpreter.scala:650)
	at akka.stream.impl.fusing.GraphInterpreterShell$AsyncInput.execute(ActorGraphInterpreter.scala:521)
	at akka.stream.impl.fusing.GraphInterpreterShell.processEvent(ActorGraphInterpreter.scala:625)
	at akka.stream.impl.fusing.ActorGraphInterpreter.akka$stream$impl$fusing$ActorGraphInterpreter$$processEvent(ActorGraphInterpreter.scala:800)
	at akka.stream.impl.fusing.ActorGraphInterpreter$$anonfun$receive$1.applyOrElse(ActorGraphInterpreter.scala:818)
	at akka.actor.Actor.aroundReceive(Actor.scala:537)
	at akka.actor.Actor.aroundReceive$(Actor.scala:535)
	at akka.stream.impl.fusing.ActorGraphInterpreter.aroundReceive(ActorGraphInterpreter.scala:716)
	at akka.actor.ActorCell.receiveMessage(ActorCell.scala:579)
	at akka.actor.ActorCell.invoke(ActorCell.scala:547)
	at akka.dispatch.Mailbox.processMailbox(Mailbox.scala:270)
	at akka.dispatch.Mailbox.run(Mailbox.scala:231)
	at akka.dispatch.Mailbox.exec(Mailbox.scala:243)
	at java.base/java.util.concurrent.ForkJoinTask.doExec(ForkJoinTask.java:290)
	at java.base/java.util.concurrent.ForkJoinPool$WorkQueue.topLevelExec(ForkJoinPool.java:1020)
	at java.base/java.util.concurrent.ForkJoinPool.scan(ForkJoinPool.java:1656)
	at java.base/java.util.concurrent.ForkJoinPool.runWorker(ForkJoinPool.java:1594)
	at java.base/java.util.concurrent.ForkJoinWorkerThread.run(ForkJoinWorkerThread.java:183)
Caused by: com.google.inject.CreationException: Unable to create injector, see the following errors:

1) [Guice/ErrorInjectingConstructor]: ConfigException$Missing: application.conf @ file:/home/laura/Documents/FullStackAcademy/code-breakers/target/scala-2.12/classes/application.conf: 9: No configuration setting found for key 'mongodb.uri'
  at PlayMongoComponent.<init>(PlayMongoComponent.scala:32)
  at PlayMongoComponent.class(PlayMongoComponent.scala:29)
  while locating PlayMongoComponent
  at PlayMongoModule.configure(PlayMongoComponent.scala:56)
      \_ installed by: Modules$OverrideModule -> PlayMongoModule
  while locating MongoComponent

Learn more:
  https://github.com/google/guice/wiki/ERROR_INJECTING_CONSTRUCTOR

1 error

======================
Full classname legend:
======================
ConfigException$Missing: "com.typesafe.config.ConfigException$Missing"
Modules$OverrideModule:  "com.google.inject.util.Modules$OverrideModule"
MongoComponent:          "uk.gov.hmrc.mongo.MongoComponent"
PlayMongoComponent:      "uk.gov.hmrc.mongo.play.PlayMongoComponent"
PlayMongoModule:         "uk.gov.hmrc.mongo.play.PlayMongoModule"
========================
End of classname legend:
========================

	at com.google.inject.internal.Errors.throwCreationExceptionIfErrorsExist(Errors.java:576)
	at com.google.inject.internal.InternalInjectorCreator.injectDynamically(InternalInjectorCreator.java:190)
	at com.google.inject.internal.InternalInjectorCreator.build(InternalInjectorCreator.java:113)
	at com.google.inject.Guice.createInjector(Guice.java:87)
	at com.google.inject.Guice.createInjector(Guice.java:78)
	at play.api.inject.guice.GuiceBuilder.injector(GuiceInjectorBuilder.scala:200)
	at play.api.inject.guice.GuiceApplicationBuilder.build(GuiceApplicationBuilder.scala:155)
	at play.api.inject.guice.GuiceApplicationLoader.load(GuiceApplicationLoader.scala:21)
	at play.core.server.DevServerStart$$anon$1.$anonfun$reload$2(DevServerStart.scala:193)
	at play.utils.Threads$.withContextClassLoader(Threads.scala:22)
	at play.core.server.DevServerStart$$anon$1.reload(DevServerStart.scala:185)
	... 25 common frames omitted
Caused by: com.typesafe.config.ConfigException$Missing: application.conf @ file:/home/laura/Documents/FullStackAcademy/code-breakers/target/scala-2.12/classes/application.conf: 9: No configuration setting found for key 'mongodb.uri'
	at com.typesafe.config.impl.SimpleConfig.findKeyOrNull(SimpleConfig.java:157)
	at com.typesafe.config.impl.SimpleConfig.findOrNull(SimpleConfig.java:175)
	at com.typesafe.config.impl.SimpleConfig.findOrNull(SimpleConfig.java:181)
	at com.typesafe.config.impl.SimpleConfig.find(SimpleConfig.java:189)
	at com.typesafe.config.impl.SimpleConfig.find(SimpleConfig.java:194)
	at com.typesafe.config.impl.SimpleConfig.getString(SimpleConfig.java:251)
	at play.api.ConfigLoader$.$anonfun$stringLoader$2(Configuration.scala:430)
	at play.api.ConfigLoader$.play$api$ConfigLoader$$$anonfun$apply$1(Configuration.scala:428)
	at play.api.ConfigLoader$$anonfun$apply$2.load(Configuration.scala:428)
	at play.api.Configuration.get(Configuration.scala:226)
	at uk.gov.hmrc.mongo.play.PlayMongoComponent.<init>(PlayMongoComponent.scala:39)
	at uk.gov.hmrc.mongo.play.PlayMongoComponent$$FastClassByGuice$$85539700.GUICE$TRAMPOLINE(<generated>)
	at uk.gov.hmrc.mongo.play.PlayMongoComponent$$FastClassByGuice$$85539700.apply(<generated>)
	at com.google.inject.internal.DefaultConstructionProxyFactory$FastClassProxy.newInstance(DefaultConstructionProxyFactory.java:82)
	at com.google.inject.internal.ConstructorInjector.provision(ConstructorInjector.java:114)
	at com.google.inject.internal.ConstructorInjector.construct(ConstructorInjector.java:91)
	at com.google.inject.internal.ConstructorBindingImpl$Factory.get(ConstructorBindingImpl.java:300)
	at com.google.inject.internal.ProviderToInternalFactoryAdapter.get(ProviderToInternalFactoryAdapter.java:40)
	at com.google.inject.internal.SingletonScope$1.get(SingletonScope.java:169)
	at com.google.inject.internal.InternalFactoryToProviderAdapter.get(InternalFactoryToProviderAdapter.java:45)
	at com.google.inject.internal.FactoryProxy.get(FactoryProxy.java:60)
	at com.google.inject.internal.ProviderToInternalFactoryAdapter.get(ProviderToInternalFactoryAdapter.java:40)
	at com.google.inject.internal.SingletonScope$1.get(SingletonScope.java:169)
	at com.google.inject.internal.InternalFactoryToProviderAdapter.get(InternalFactoryToProviderAdapter.java:45)
	at com.google.inject.internal.InternalInjectorCreator.loadEagerSingletons(InternalInjectorCreator.java:213)
	at com.google.inject.internal.InternalInjectorCreator.injectDynamically(InternalInjectorCreator.java:186)
	... 34 common frames omitted
2022-10-25 10:32:09 [34mINFO [0;39m [36mplay.api.http.EnabledFilters[0;39m [35m[0;39m Enabled Filters (see <https://www.playframework.com/documentation/latest/Filters>):

    play.filters.csrf.CSRFFilter
    play.filters.headers.SecurityHeadersFilter
    play.filters.hosts.AllowedHostsFilter

2022-10-25 10:32:09 [34mINFO [0;39m [36mplay.api.Play[0;39m [35m[0;39m Application started (Dev) (no global state)
2022-10-25 10:33:20 [34mINFO [0;39m [36mplay.api.http.EnabledFilters[0;39m [35m[0;39m Enabled Filters (see <https://www.playframework.com/documentation/latest/Filters>):

    play.filters.csrf.CSRFFilter
    play.filters.headers.SecurityHeadersFilter
    play.filters.hosts.AllowedHostsFilter

2022-10-25 10:33:20 [34mINFO [0;39m [36mplay.api.Play[0;39m [35m[0;39m Application started (Dev) (no global state)
